<?xml version="1.0" encoding="UTF-8"?>
<testsuite name="com.example.order.service.OrderService.OrderServiceApplicationTests" tests="1" skipped="0" failures="0" errors="0" timestamp="2021-06-17T02:16:43" hostname="DESKTOP-OJ8VVOM" time="0.467">
  <properties/>
  <testcase name="orderOrangesAndApplesAndGetOrderSummary()" classname="com.example.order.service.OrderService.OrderServiceApplicationTests" time="0.467"/>
  <system-out><![CDATA[22:16:38.308 [Test worker] DEBUG org.springframework.test.context.BootstrapUtils - Instantiating CacheAwareContextLoaderDelegate from class [org.springframework.test.context.cache.DefaultCacheAwareContextLoaderDelegate]
22:16:38.323 [Test worker] DEBUG org.springframework.test.context.BootstrapUtils - Instantiating BootstrapContext using constructor [public org.springframework.test.context.support.DefaultBootstrapContext(java.lang.Class,org.springframework.test.context.CacheAwareContextLoaderDelegate)]
22:16:38.370 [Test worker] DEBUG org.springframework.test.context.BootstrapUtils - Instantiating TestContextBootstrapper for test class [com.example.order.service.OrderService.OrderServiceApplicationTests] from class [org.springframework.boot.test.context.SpringBootTestContextBootstrapper]
22:16:38.386 [Test worker] INFO org.springframework.boot.test.context.SpringBootTestContextBootstrapper - Neither @ContextConfiguration nor @ContextHierarchy found for test class [com.example.order.service.OrderService.OrderServiceApplicationTests], using SpringBootContextLoader
22:16:38.401 [Test worker] DEBUG org.springframework.test.context.support.AbstractContextLoader - Did not detect default resource location for test class [com.example.order.service.OrderService.OrderServiceApplicationTests]: class path resource [com/example/order/service/OrderService/OrderServiceApplicationTests-context.xml] does not exist
22:16:38.401 [Test worker] DEBUG org.springframework.test.context.support.AbstractContextLoader - Did not detect default resource location for test class [com.example.order.service.OrderService.OrderServiceApplicationTests]: class path resource [com/example/order/service/OrderService/OrderServiceApplicationTestsContext.groovy] does not exist
22:16:38.401 [Test worker] INFO org.springframework.test.context.support.AbstractContextLoader - Could not detect default resource locations for test class [com.example.order.service.OrderService.OrderServiceApplicationTests]: no resource found for suffixes {-context.xml, Context.groovy}.
22:16:38.401 [Test worker] INFO org.springframework.test.context.support.AnnotationConfigContextLoaderUtils - Could not detect default configuration classes for test class [com.example.order.service.OrderService.OrderServiceApplicationTests]: OrderServiceApplicationTests does not declare any static, non-private, non-final, nested classes annotated with @Configuration.
22:16:38.479 [Test worker] DEBUG org.springframework.test.context.support.ActiveProfilesUtils - Could not find an 'annotation declaring class' for annotation type [org.springframework.test.context.ActiveProfiles] and class [com.example.order.service.OrderService.OrderServiceApplicationTests]
22:16:38.558 [Test worker] DEBUG org.springframework.context.annotation.ClassPathScanningCandidateComponentProvider - Identified candidate component class: file [C:\Users\jacob\git\coding_test\OrderService\build\classes\java\main\com\example\order\service\OrderService\OrderServiceApplication.class]
22:16:38.558 [Test worker] INFO org.springframework.boot.test.context.SpringBootTestContextBootstrapper - Found @SpringBootConfiguration com.example.order.service.OrderService.OrderServiceApplication for test class com.example.order.service.OrderService.OrderServiceApplicationTests
22:16:38.714 [Test worker] DEBUG org.springframework.boot.test.context.SpringBootTestContextBootstrapper - @TestExecutionListeners is not present for class [com.example.order.service.OrderService.OrderServiceApplicationTests]: using defaults.
22:16:38.714 [Test worker] INFO org.springframework.boot.test.context.SpringBootTestContextBootstrapper - Loaded default TestExecutionListener class names from location [META-INF/spring.factories]: [org.springframework.boot.test.autoconfigure.restdocs.RestDocsTestExecutionListener, org.springframework.boot.test.autoconfigure.web.client.MockRestServiceServerResetTestExecutionListener, org.springframework.boot.test.autoconfigure.web.servlet.MockMvcPrintOnlyOnFailureTestExecutionListener, org.springframework.boot.test.autoconfigure.web.servlet.WebDriverTestExecutionListener, org.springframework.boot.test.autoconfigure.webservices.client.MockWebServiceServerTestExecutionListener, org.springframework.boot.test.mock.mockito.MockitoTestExecutionListener, org.springframework.boot.test.mock.mockito.ResetMocksTestExecutionListener, org.springframework.test.context.web.ServletTestExecutionListener, org.springframework.test.context.support.DirtiesContextBeforeModesTestExecutionListener, org.springframework.test.context.event.ApplicationEventsTestExecutionListener, org.springframework.test.context.support.DependencyInjectionTestExecutionListener, org.springframework.test.context.support.DirtiesContextTestExecutionListener, org.springframework.test.context.transaction.TransactionalTestExecutionListener, org.springframework.test.context.jdbc.SqlScriptsTestExecutionListener, org.springframework.test.context.event.EventPublishingTestExecutionListener]
22:16:38.745 [Test worker] INFO org.springframework.boot.test.context.SpringBootTestContextBootstrapper - Using TestExecutionListeners: [org.springframework.test.context.web.ServletTestExecutionListener@6482952c, org.springframework.test.context.support.DirtiesContextBeforeModesTestExecutionListener@2ecb6fbe, org.springframework.test.context.event.ApplicationEventsTestExecutionListener@1d9b355e, org.springframework.boot.test.mock.mockito.MockitoTestExecutionListener@392c7135, org.springframework.boot.test.autoconfigure.SpringBootDependencyInjectionTestExecutionListener@4977b8c9, org.springframework.test.context.support.DirtiesContextTestExecutionListener@3cb488c6, org.springframework.test.context.transaction.TransactionalTestExecutionListener@78416bcb, org.springframework.test.context.jdbc.SqlScriptsTestExecutionListener@223e182f, org.springframework.test.context.event.EventPublishingTestExecutionListener@56fb4d51, org.springframework.boot.test.autoconfigure.restdocs.RestDocsTestExecutionListener@4e111df0, org.springframework.boot.test.autoconfigure.web.client.MockRestServiceServerResetTestExecutionListener@3d7d28ca, org.springframework.boot.test.autoconfigure.web.servlet.MockMvcPrintOnlyOnFailureTestExecutionListener@6fd0a02a, org.springframework.boot.test.autoconfigure.web.servlet.WebDriverTestExecutionListener@634de944, org.springframework.boot.test.autoconfigure.webservices.client.MockWebServiceServerTestExecutionListener@25f59640, org.springframework.boot.test.mock.mockito.ResetMocksTestExecutionListener@719ac14c]
22:16:38.745 [Test worker] DEBUG org.springframework.test.context.support.AbstractDirtiesContextTestExecutionListener - Before test class: context [DefaultTestContext@35db7baa testClass = OrderServiceApplicationTests, testInstance = [null], testMethod = [null], testException = [null], mergedContextConfiguration = [WebMergedContextConfiguration@3029678c testClass = OrderServiceApplicationTests, locations = '{}', classes = '{class com.example.order.service.OrderService.OrderServiceApplication}', contextInitializerClasses = '[]', activeProfiles = '{}', propertySourceLocations = '{}', propertySourceProperties = '{org.springframework.boot.test.context.SpringBootTestContextBootstrapper=true}', contextCustomizers = set[org.springframework.boot.test.autoconfigure.actuate.metrics.MetricsExportContextCustomizerFactory$DisableMetricExportContextCustomizer@6e6f9cf, org.springframework.boot.test.autoconfigure.properties.PropertyMappingContextCustomizer@0, org.springframework.boot.test.autoconfigure.web.servlet.WebDriverContextCustomizerFactory$Customizer@3f0cb288, org.springframework.boot.test.context.filter.ExcludeFilterContextCustomizer@f9003c9, org.springframework.boot.test.json.DuplicateJsonObjectContextCustomizerFactory$DuplicateJsonObjectContextCustomizer@357b7dd2, org.springframework.boot.test.mock.mockito.MockitoContextCustomizer@0, org.springframework.boot.test.web.client.TestRestTemplateContextCustomizer@5208b57, org.springframework.boot.test.context.SpringBootTestArgs@1, org.springframework.boot.test.context.SpringBootTestWebEnvironment@153e0a06], resourceBasePath = 'src/main/webapp', contextLoader = 'org.springframework.boot.test.context.SpringBootContextLoader', parent = [null]], attributes = map['org.springframework.test.context.web.ServletTestExecutionListener.activateListener' -> true]], class annotated with @DirtiesContext [false] with mode [null].
22:16:38.808 [Test worker] DEBUG org.springframework.test.context.support.TestPropertySourceUtils - Adding inlined properties to environment: {spring.jmx.enabled=false, org.springframework.boot.test.context.SpringBootTestContextBootstrapper=true}

  .   ____          _            __ _ _
 /\\ / ___'_ __ _ _(_)_ __  __ _ \ \ \ \
( ( )\___ | '_ | '_| | '_ \/ _` | \ \ \ \
 \\/  ___)| |_)| | | | | || (_| |  ) ) ) )
  '  |____| .__|_| |_|_| |_\__, | / / / /
 =========|_|==============|___/=/_/_/_/
 :: Spring Boot ::                (v2.5.1)

2021-06-16 22:16:39.213  INFO 9080 --- [    Test worker] c.e.o.s.O.OrderServiceApplicationTests   : Starting OrderServiceApplicationTests using Java 11.0.7 on DESKTOP-OJ8VVOM with PID 9080 (started by jacob in C:\Users\jacob\git\coding_test\OrderService)
2021-06-16 22:16:39.217  INFO 9080 --- [    Test worker] c.e.o.s.O.OrderServiceApplicationTests   : No active profile set, falling back to default profiles: default
2021-06-16 22:16:40.216  INFO 9080 --- [    Test worker] .s.d.r.c.RepositoryConfigurationDelegate : Bootstrapping Spring Data JPA repositories in DEFAULT mode.
2021-06-16 22:16:40.247  INFO 9080 --- [    Test worker] .s.d.r.c.RepositoryConfigurationDelegate : Finished Spring Data repository scanning in 10 ms. Found 0 JPA repository interfaces.
2021-06-16 22:16:40.888  INFO 9080 --- [    Test worker] com.zaxxer.hikari.HikariDataSource       : HikariPool-1 - Starting...
2021-06-16 22:16:41.138  INFO 9080 --- [    Test worker] com.zaxxer.hikari.HikariDataSource       : HikariPool-1 - Start completed.
2021-06-16 22:16:41.388  INFO 9080 --- [    Test worker] o.hibernate.jpa.internal.util.LogHelper  : HHH000204: Processing PersistenceUnitInfo [name: default]
2021-06-16 22:16:41.481  INFO 9080 --- [    Test worker] org.hibernate.Version                    : HHH000412: Hibernate ORM core version 5.4.32.Final
2021-06-16 22:16:41.716  INFO 9080 --- [    Test worker] o.hibernate.annotations.common.Version   : HCANN000001: Hibernate Commons Annotations {5.1.2.Final}
2021-06-16 22:16:41.947  INFO 9080 --- [    Test worker] org.hibernate.dialect.Dialect            : HHH000400: Using dialect: org.hibernate.dialect.H2Dialect
2021-06-16 22:16:42.327  INFO 9080 --- [    Test worker] o.h.e.t.j.p.i.JtaPlatformInitiator       : HHH000490: Using JtaPlatform implementation: [org.hibernate.engine.transaction.jta.platform.internal.NoJtaPlatform]
2021-06-16 22:16:42.343  INFO 9080 --- [    Test worker] j.LocalContainerEntityManagerFactoryBean : Initialized JPA EntityManagerFactory for persistence unit 'default'
2021-06-16 22:16:42.718  WARN 9080 --- [    Test worker] JpaBaseConfiguration$JpaWebConfiguration : spring.jpa.open-in-view is enabled by default. Therefore, database queries may be performed during view rendering. Explicitly configure spring.jpa.open-in-view to disable this warning
2021-06-16 22:16:43.691  INFO 9080 --- [    Test worker] c.e.o.s.O.OrderServiceApplicationTests   : Started OrderServiceApplicationTests in 4.873 seconds (JVM running for 6.643)
]]></system-out>
  <system-err><![CDATA[]]></system-err>
</testsuite>
